{"C:\\Users\\portf\\OneDrive\\Documents\\GitHub\\unit-test-jest\\src\\asyn.js": {"path":"C:\\Users\\portf\\OneDrive\\Documents\\GitHub\\unit-test-jest\\src\\asyn.js","statementMap":{"0":{"start":{"line":1,"column":29},"end":{"line":11,"column":1}},"1":{"start":{"line":2,"column":4},"end":{"line":10,"column":6}},"2":{"start":{"line":3,"column":8},"end":{"line":9,"column":15}},"3":{"start":{"line":4,"column":12},"end":{"line":8,"column":13}},"4":{"start":{"line":5,"column":16},"end":{"line":5,"column":39}},"5":{"start":{"line":7,"column":16},"end":{"line":7,"column":39}}},"fnMap":{"0":{"name":"(anonymous_0)","decl":{"start":{"line":1,"column":29},"end":{"line":1,"column":30}},"loc":{"start":{"line":1,"column":38},"end":{"line":11,"column":1}},"line":1},"1":{"name":"(anonymous_1)","decl":{"start":{"line":2,"column":23},"end":{"line":2,"column":24}},"loc":{"start":{"line":2,"column":42},"end":{"line":10,"column":5}},"line":2},"2":{"name":"(anonymous_2)","decl":{"start":{"line":3,"column":19},"end":{"line":3,"column":20}},"loc":{"start":{"line":3,"column":23},"end":{"line":9,"column":9}},"line":3}},"branchMap":{"0":{"loc":{"start":{"line":4,"column":12},"end":{"line":8,"column":13}},"type":"if","locations":[{"start":{"line":4,"column":12},"end":{"line":8,"column":13}},{"start":{"line":6,"column":17},"end":{"line":8,"column":13}}],"line":4}},"s":{"0":1,"1":3,"2":3,"3":3,"4":2,"5":1},"f":{"0":3,"1":3,"2":3},"b":{"0":[2,1]},"_coverageSchema":"1a1c01bbd47fc00a2c39e90264f33305004495a9","hash":"d0d71924c14d664d1c65c498bd509321a6ec6372"}
,"C:\\Users\\portf\\OneDrive\\Documents\\GitHub\\unit-test-jest\\src\\expection.js": {"path":"C:\\Users\\portf\\OneDrive\\Documents\\GitHub\\unit-test-jest\\src\\expection.js","statementMap":{"0":{"start":{"line":5,"column":22},"end":{"line":11,"column":1}},"1":{"start":{"line":6,"column":4},"end":{"line":10,"column":5}},"2":{"start":{"line":7,"column":8},"end":{"line":7,"column":57}},"3":{"start":{"line":9,"column":8},"end":{"line":9,"column":21}}},"fnMap":{"0":{"name":"(anonymous_0)","decl":{"start":{"line":5,"column":22},"end":{"line":5,"column":23}},"loc":{"start":{"line":5,"column":33},"end":{"line":11,"column":1}},"line":5}},"branchMap":{"0":{"loc":{"start":{"line":6,"column":4},"end":{"line":10,"column":5}},"type":"if","locations":[{"start":{"line":6,"column":4},"end":{"line":10,"column":5}},{"start":{"line":8,"column":9},"end":{"line":10,"column":5}}],"line":6}},"s":{"0":1,"1":4,"2":3,"3":1},"f":{"0":4},"b":{"0":[3,1]},"_coverageSchema":"1a1c01bbd47fc00a2c39e90264f33305004495a9","hash":"c684f45e425a4700e7c8c19d81abcced3c72c401"}
,"C:\\Users\\portf\\OneDrive\\Documents\\GitHub\\unit-test-jest\\src\\sum.js": {"path":"C:\\Users\\portf\\OneDrive\\Documents\\GitHub\\unit-test-jest\\src\\sum.js","statementMap":{"0":{"start":{"line":1,"column":19},"end":{"line":3,"column":1}},"1":{"start":{"line":2,"column":4},"end":{"line":2,"column":26}}},"fnMap":{"0":{"name":"(anonymous_0)","decl":{"start":{"line":1,"column":19},"end":{"line":1,"column":20}},"loc":{"start":{"line":1,"column":36},"end":{"line":3,"column":1}},"line":1}},"branchMap":{},"s":{"0":1,"1":2},"f":{"0":2},"b":{},"_coverageSchema":"1a1c01bbd47fc00a2c39e90264f33305004495a9","hash":"fb790d2025c21e0aa3dc8a96870ec1cc7572d6e0"}
}
